21044071
18945953
9453513
10059306
42881164
20338
28805547
8551706
31121147
23695215
1835887
333908
22540409
35463858
97505545
72325563
63244287
4702320
9022471
3035142
47845746
33840828
3984702
5059174
16870424
69296948
15083559
1749829
65314113
32836150
53999323
27892958
15785189
18138288
15448113
46580009
4194279
48677880
4590835
33475213
66748797
3922690
2390012
37291044
5220622
7173762
431332
31191957
27954704
25037368
6695900
19513599
4898935
35502283
40449084
15876869
13076977
8052228
6991988
28274815
17486769
9339036
9161722
489412
12103477
27934972
9075572
3905812
33280866
9434856
22887027
47481347
7965264
13359628
5672454
11166467
36830420
62697994
16986696
45524763
3023362
53962883
56360635
5958711
34784967
4778614
364181
21486911
17453059
6226665
55462309
30775670
60467332
33021918
15658712
18515654
5521000
771783
59661802
42006718
40152069
9005657
4353703
6692676
16901544
11965282
31337051
4677437
23390026
86336774
17020125
38252141
26327772
17265381
4193334
36580928
898870
321947
22176573
13848390
9372612
6166180
11982214
31455673
25968245
109505
1030179
13349445
71125041
68353564
36481835
6016077
58413121
54886193
17684402
55772675
543588
16223330
27049959
31178196
48135309
2788671
10050155
24954138
10504383
47256064
463390
18000655
73211349
12871068
72553195
834271
26995370
4405955
7477564
1039555
50709557
72289451
37960898
55516690
5902669
34027393
3108828
9183857
838034
48206469
9227819
14729339
33437876
9323649
47890513
81030324
632278
2727087
13798366
215227
1858208
13829148
8588090
13314437
13306666
129862
4682458
8236735
46455342
316660
8432189
36685327
52873372
143628
5337827
19527589
33733334
2021775
20533943
33467984
5875771
8336612
56595100
25364722
28004752
17521251
2934397
18274277
9721176
3455823
729804
18629956
899639
6659308
16221866
90570
47108189
38990005
31442828
4573844
19921216
90617565
57526206
6664044
15102530
5396146
23998406
8988691
10562980
19237209
21735002
54449532
6273493
11635620
7755936
57962927
2220772
622789
59438700
23519099
42470227
27361968
75033105
72964164
1878006
46212791
20682874
18169696
32161780
27078374
250975
8764952
24702944
47679171
46169018
44841779
36992383
48265797
31187116
11461149
19217605
36148940
26756173
41623778
43609218
634951
7193634
18459062
26799431
12993367
40675786
14058753
6875178
748796
38493645
1938710
26277205
55578504
56689843
3304403
6090194
91457622
3340380
25088057
22509291
2046393
15211323
961240
23496859
4659584
23917372
2840569
839106
1382340
39249363
9246099
70386303
20764515
28473826
35585778
67630267
6200965
14171638
36285097
19136662
15142799
68184019
2004914
56133379
14684276
5468057
24747538
1583188
18418531
7148611
4464892
7257025
24332911
7171615
32375562
2011769
47103429
3236007
8835208
12548663
89863238
78245561
4007416
403280
5019125
4489106
816201
69907803
295798
25567781
11796019
50684082
17671379
23888281
21143655
4581341
25991625
10626160
24047328
40564842
7294543
55238885
30156674
1919219
86303500
17198909
28957715
34982927
4038037
18576483
29778454
31281649
5584031
11141628
14680095
879210
29103679
38157850
14739156
33454983
16428273
495425
40413630
7346128
53236727
4880716
80296
4862435
19736931
32819915
4590580
35897801
13418383
9742358
31268332
35476970
69792858
13406645
18497220
2663334
7462053
34079911
50745444
56711968
8887052
14476311
4254708
16668320
35362638
28453080
19518972
18050716
1958264
45576849
9510128
40276673
33946524
7310592
13302006
35055402
4142275
1834016
13431181
693903
20860722
8485337
1943746
12148740
54534030
886920
783461
2652613
4410784
12733092
148526
46940017
576954
10977694
12122455
57416746
27656869
7697524
97223
69399630
30201113
86619084
72030529
24999606
6132790
65179673
53279333
40874590
11210858
39770666
4555752
49094129
35164133
4892666
65260586
816979
15582487
19605830
48510113
56670886
23901895
16678478
82023324
9535664
22441043
9370702
8909396
17250446
11426029
33252165
11800156
31225325
47864525
6858411
67293073
11329431
20338
10195038
33102390
1754300
27427101
47150616
13988754
80656
38739696
58086498
1274802
10384512
74712985
49362663
19190575
8283750
11880695
15570676
58033737
45332217
7520492
2791956
2242199
15044241
16065264
10944206
8161876
14794636
53580373
934410
2903203
82397939
6617769
14516829
9293972
73864718
74571110
28249374
19563591
16506467
22757089
1386352
51012749
54438673
23067367
1318815
19132420
10247883
55833
12626152
2716899
39904714
5698735
1075818
950126
11175468
29127087
3470712
49143990
78298853
5519816
5569362
8460222
29246411
79181816
29947011
58674677
1647866
11397337
18981938
60282274
26425319
58485286
6315130
2507830
18888402
13187330
73770579
17377484
22115262
32098
35603512
21208594
25476833
52932426
32336827
64120899
576112
35250251
78733479
41223819
20553239
4809179
66430617
27807431
90199641
17380090
16381690
15414735
31356761
786878
32272162
11615765
9287298
53713
49641072
9702126
1543693
158360
32596910
34885383
776840
805768
470902
9001165
9738698
23688915
24220704
37807864
48970427
12035946
61809226
2732913
3967295
19376135
32325735
21986656
52959634
14969656
524484
28146667
7642351
1235850
5403351
724039
35126033
6870113
3311264
1334762
22180901
61274663
31262405
76088482
18926184
22214997
1468822
3193210
6972162
13847717
4436685
16111259
7077568
27717192
54097852
38377676
48422479
47381171
42841349
61336674
27821214
27567185
3591302
10014156
76544252
73371662
46998522
619879
10949198
1562131
36174548
46528681
23307897
26340420
16189169
321236
31152057
1858498
26049282
27287345
48066400
259905
32449760
60844252
28518318
10375306
43005325
53470226
36791746
33428430
60434496
10927309
81512506
1145485
8070454
1932046
16579770
8639801
17806570
17648464
32379263
5605516
15413489
48908599
75908199
49797451
11825403
23384687
19736931
66545372
13851164
36934513
9787651
43933425
16015517
1160439
66023
3270052
2215703
1403519
55591337
10193242
46320914
53651413
26998030
73178990
49068486
13637957
15590922
3511975
36686015
30581057
24788125
66786408
19160608
31644934
20872656
37516782
28925017
48659813
10183181
294333
24940274
36021359
38284100
50439690
47673807
24093221
70435972
76227366
1006766
4780222
11312928
1159628
8826019
54687649
6461371
5581308
34539793
5440129
5976205
29194815
45229866
7564843
44048460
29698919
50521414
250975
9816242
64282061
5291009
8314360
12390604
28624533
42549747
493167
34668224
4173098
10253354
23251524
48091328
72858614
28253243
34754910
25422394
53296344
38591118
34298029
6644968
18658048
53106460
88478991
14244241
8974871
16986422
23919614
67955849
56185041
52937897
47720667
23228367
78739743
52124798
33635019
5987270
482488
10109023
56555472
2073907
61992877
6710825
47373048
41182020
12628422
25416501
5469167
88202226
32115076
63600871
17111320
20197166
57019422
26752376
2497260
35728091
29730536
15297490
4405998
18724325
35074679
26135790
18075460
8730249
2155253
33143366
48963597
4786305
33983911
10262632
928466
2433702
22039325
26982838
5285087
91507766
39590177
57506196
14542492
59069612
6046860
32223883
69838078
86328167
28088239
2573058
288477
4238654
18508601
11365719
20150017
61251143
1188683
18931335
33173501
29451705
54926581
47672635
3859029
16655397
47866136
21423401
14955561
7785969
3961267
28330300
8208559
18311046
12426637
63484784
63623983
86019
28749957
38168423
4609055
795594
37616716
38405450
11572095
42087970
14298954
1817323
8312156
2822254
12126096
3517032
31052785
48886357
126874
3440599
17581292
48540650
5295248
3458621
53734972
25270478
64705936
94048496
32997038
44955814
61506917
25968142
29314437
56920651
91993
52187123
42967603
50352979
8245720
6366686
41530261
1770792
1958264
11725720
62035569
13022815
22282918
80212100
80198861
10965824
24558100
217585
21009976
45570210
26779177
57790770
12235217
2339700
36083711
15781798
11351358
31194912
15072295
31535645
2262163
43878899
63490590
30604888
3002407
28260172
11950392
17260686
61570739
3520453
24349025
68182026
37211745
4809385
5131621
43194609
32180719
3055719
41124489
2298936
12176452
8770714
16406106
17271502
13156314
14051139
11458952
63265151
60392586
61583205
3461742
33630536
751926
57366881
70300739
2918906
1210137
5542583
20139546
37470437
6213405
5190033
7638980
46723597
5019876
12448112
5102788
5888780
1606721
61126422
4386274
35850898
9092220
950126
5863695
9677575
5277973
30031698
2397195
56460736
6853394
34296991
4336599
2407269
22829400
22907093
20017003
30998785
12873306
1258933
3443834
6080456
439470
42270726
63782312
12098422
27064584
5381729
5982649
6110271
34115389
58345754
12898835
11250460
4015289
1642599
28680738
604196
45221044
67120417
8277416
4493982
12516205
30314874
364181
84210871
12104548
